\BOOKMARK [0][-]{chapter.12}{\376\377\000I\000n\000t\000r\000o\000d\000u\000\347\000\343\000o}{}% 1
\BOOKMARK [1][-]{section.13}{\376\377\000E\000n\000q\000u\000a\000d\000r\000a\000m\000e\000n\000t\000o\000/\000C\000o\000n\000t\000e\000x\000t\000o}{chapter.12}% 2
\BOOKMARK [1][-]{section.14}{\376\377\000D\000e\000s\000c\000r\000i\000\347\000\343\000o\000\040\000d\000o\000\040\000P\000r\000o\000b\000l\000e\000m\000a}{chapter.12}% 3
\BOOKMARK [2][-]{subsection.15}{\376\377\000O\000b\000j\000e\000t\000i\000v\000o\000s}{section.14}% 4
\BOOKMARK [2][-]{subsection.16}{\376\377\000A\000b\000o\000r\000d\000a\000g\000e\000m}{section.14}% 5
\BOOKMARK [2][-]{subsection.17}{\376\377\000C\000o\000n\000t\000r\000i\000b\000u\000t\000o\000s}{section.14}% 6
\BOOKMARK [2][-]{subsection.18}{\376\377\000P\000l\000a\000n\000e\000a\000m\000e\000n\000t\000o\000\040\000d\000o\000\040\000t\000r\000a\000b\000a\000l\000h\000o}{section.14}% 7
\BOOKMARK [1][-]{section.19}{\376\377\000E\000s\000t\000r\000u\000t\000u\000r\000a\000\040\000d\000o\000\040\000r\000e\000l\000a\000t\000\363\000r\000i\000o}{chapter.12}% 8
\BOOKMARK [0][-]{chapter.20}{\376\377\000E\000s\000t\000a\000d\000o\000\040\000d\000a\000\040\000A\000r\000t\000e}{}% 9
\BOOKMARK [1][-]{section.21}{\376\377\000T\000r\000a\000b\000a\000l\000h\000o\000s\000\040\000r\000e\000l\000a\000c\000i\000o\000n\000a\000d\000o\000s}{chapter.20}% 10
\BOOKMARK [1][-]{section.22}{\376\377\000T\000e\000c\000n\000o\000l\000o\000g\000i\000a\000s\000\040\000e\000x\000i\000s\000t\000e\000n\000t\000e\000s}{chapter.20}% 11
\BOOKMARK [0][-]{chapter.23}{\376\377\000A\000n\000\341\000l\000i\000s\000e\000\040\000e\000\040\000d\000e\000s\000e\000n\000h\000o\000\040\000d\000a\000\040\000s\000o\000l\000u\000\347\000\343\000o}{}% 12
\BOOKMARK [1][-]{section.24}{\376\377\000D\000o\000m\000\355\000n\000i\000o\000\040\000d\000o\000\040\000p\000r\000o\000b\000l\000e\000m\000a}{chapter.23}% 13
\BOOKMARK [1][-]{section.25}{\376\377\000R\000e\000q\000u\000i\000s\000i\000t\000o\000s\000\040\000f\000u\000n\000c\000i\000o\000n\000a\000i\000s\000\040\000e\000\040\000n\000\343\000o\000\040\000f\000u\000n\000c\000i\000o\000n\000a\000i\000s}{chapter.23}% 14
\BOOKMARK [1][-]{section.26}{\376\377\000D\000e\000s\000e\000n\000h\000o}{chapter.23}% 15
\BOOKMARK [0][-]{chapter.27}{\376\377\000I\000m\000p\000l\000e\000m\000e\000n\000t\000a\000\347\000\343\000o\000\040\000d\000a\000\040\000S\000o\000l\000u\000\347\000\343\000o}{}% 16
\BOOKMARK [1][-]{section.28}{\376\377\000D\000e\000s\000c\000r\000i\000\347\000\343\000o\000\040\000d\000a\000\040\000i\000m\000p\000l\000e\000m\000e\000n\000t\000a\000\347\000\343\000o}{chapter.27}% 17
\BOOKMARK [1][-]{section.29}{\376\377\000T\000e\000s\000t\000e\000s}{chapter.27}% 18
\BOOKMARK [1][-]{section.30}{\376\377\000A\000v\000a\000l\000i\000a\000\347\000\343\000o\000\040\000d\000a\000\040\000s\000o\000l\000u\000\347\000\343\000o}{chapter.27}% 19
\BOOKMARK [0][-]{chapter.31}{\376\377\000C\000o\000n\000c\000l\000u\000s\000\365\000e\000s}{}% 20
\BOOKMARK [1][-]{section.32}{\376\377\000O\000b\000j\000e\000t\000i\000v\000o\000s\000\040\000c\000o\000n\000c\000r\000e\000t\000i\000z\000a\000d\000o\000s}{chapter.31}% 21
\BOOKMARK [1][-]{section.33}{\376\377\000L\000i\000m\000i\000t\000a\000\347\000\365\000e\000s\000\040\000e\000\040\000t\000r\000a\000b\000a\000l\000h\000o\000\040\000f\000u\000t\000u\000r\000o}{chapter.31}% 22
\BOOKMARK [1][-]{section.34}{\376\377\000A\000p\000r\000e\000c\000i\000a\000\347\000\343\000o\000\040\000f\000i\000n\000a\000l}{chapter.31}% 23
\BOOKMARK [0][-]{chapter*.35}{\376\377\000B\000i\000b\000l\000i\000o\000g\000r\000a\000f\000i\000a}{}% 24
\BOOKMARK [0][-]{appendix.36}{\376\377\000T\000\355\000t\000u\000l\000o\000\040\000d\000o\000\040\000A\000n\000e\000x\000o}{}% 25
